#
# A fatal error has been detected by the Java Runtime Environment:
#
#  Internal Error (classFileParser.cpp:3494), pid=8080, tid=7972
#  Error: ShouldNotReachHere()
#
# JRE version: 6.0_37-b06
# Java VM: Java HotSpot(TM) Client VM (20.12-b01 mixed mode windows-x86 )
# If you would like to submit a bug report, please visit:
#   http://java.sun.com/webapps/bugreport/crash.jsp
#

---------------  T H R E A D  ---------------

Current thread (0x00846c00):  JavaThread "Unknown thread" [_thread_in_vm, id=7972, stack(0x008d0000,0x00920000)]

Stack: [0x008d0000,0x00920000],  sp=0x0091f898,  free space=318k
Native frames: (J=compiled Java code, j=interpreted, Vv=VM code, C=native code)
V  [jvm.dll+0x13471a]
V  [jvm.dll+0x12f20b]
V  [jvm.dll+0x167de]
V  [jvm.dll+0x1802f]
V  [jvm.dll+0x275a5]
V  [jvm.dll+0x27de6]
V  [jvm.dll+0x28195]
V  [jvm.dll+0x28229]
V  [jvm.dll+0x282ec]
V  [jvm.dll+0x2836a]
V  [jvm.dll+0x2844d]
V  [jvm.dll+0x28719]
V  [jvm.dll+0x6ce03]
V  [jvm.dll+0x6d1dc]
V  [jvm.dll+0xfa6dc]
V  [jvm.dll+0x11902b]
V  [jvm.dll+0x9f4e0]
C  [javaw.exe+0x1657]
C  [javaw.exe+0x1e2c]
C  [javaw.exe+0x8614]
C  [kernel32.dll+0xb729]  GetModuleFileNameA+0x1ba


---------------  P R O C E S S  ---------------

Java Threads: ( => current thread )

Other Threads:

=>0x00846c00 (exited) JavaThread "Unknown thread" [_thread_in_vm, id=7972, stack(0x008d0000,0x00920000)]

VM state:not at safepoint (not fully initialized)

VM Mutex/Monitor currently owned by a thread: None

Dynamic libraries:
0x00400000 - 0x00425000 	D:\java\jre6\bin\javaw.exe
0x7c920000 - 0x7c9b6000 	C:\WINDOWS\system32\ntdll.dll
0x7c800000 - 0x7c91e000 	C:\WINDOWS\system32\kernel32.dll
0x77da0000 - 0x77e49000 	C:\WINDOWS\system32\ADVAPI32.dll
0x77e50000 - 0x77ee3000 	C:\WINDOWS\system32\RPCRT4.dll
0x77fc0000 - 0x77fd1000 	C:\WINDOWS\system32\Secur32.dll
0x77d10000 - 0x77da0000 	C:\WINDOWS\system32\USER32.dll
0x77ef0000 - 0x77f39000 	C:\WINDOWS\system32\GDI32.dll
0x76300000 - 0x7631d000 	C:\WINDOWS\system32\IMM32.DLL
0x62c20000 - 0x62c29000 	C:\WINDOWS\system32\LPK.DLL
0x73fa0000 - 0x7400b000 	C:\WINDOWS\system32\USP10.dll
0x7c340000 - 0x7c396000 	D:\java\jre6\bin\msvcr71.dll
0x6d7f0000 - 0x6daa0000 	D:\java\jre6\bin\client\jvm.dll
0x76b10000 - 0x76b3a000 	C:\WINDOWS\system32\WINMM.dll
0x6d7a0000 - 0x6d7ac000 	D:\java\jre6\bin\verify.dll
0x6d320000 - 0x6d33f000 	D:\java\jre6\bin\java.dll
0x6d7e0000 - 0x6d7ef000 	D:\java\jre6\bin\zip.dll
0x76bc0000 - 0x76bcb000 	C:\WINDOWS\system32\PSAPI.DLL

VM Arguments:
jvm_args: -Dfile.encoding=GBK -Xbootclasspath:E:\android\sdk\platforms\android-14\android.jar 
java_command: org.eclipse.jdt.internal.junit.runner.RemoteTestRunner -version 3 -port 2858 -testLoaderClass org.eclipse.jdt.internal.junit.runner.junit3.JUnit3TestLoader -loaderpluginname org.eclipse.jdt.junit.runtime -test com.test.SampleStringTest:testCharAt
Launcher Type: SUN_STANDARD

Environment Variables:
JAVA_HOME=D:\java\jdk1.6.0_37
CLASSPATH=.;C:\Program Files\Java\jdk1.6.0_37\lib
PATH=D:/Java/jre6/bin/client;D:/Java/jre6/bin;D:/Java/jre6/lib/i386;E:\oracle\ora92\bin;C:\Program Files\Oracle\jre\1.1.8\bin;C:\WINDOWS\system32;C:\WINDOWS;C:\WINDOWS\System32\Wbem;C:\Program Files\Java\jdk1.6.0_10\bin;D:\QQPCMgr\6.8.2393.401;C:\Program Files\MySQL\MySQL Server 5.0\bin;;D:\QQPCMgr\6.8.2393.401;E:\android\sdk\tools;D:\Program Files\IDM Computer Solutions\UltraEdit\;D:\My Documents\royleeDocuments\eclipse;
USERNAME=Administrator
OS=Windows_NT
PROCESSOR_IDENTIFIER=x86 Family 6 Model 23 Stepping 10, GenuineIntel



---------------  S Y S T E M  ---------------

OS: Windows XP Build 2600 Service Pack 3

CPU:total 2 (2 cores per cpu, 1 threads per core) family 6 model 23 stepping 10, cmov, cx8, fxsr, mmx, sse, sse2, sse3, ssse3, sse4.1

Memory: 4k page, physical 3110060k(1394876k free), swap 5041088k(1754676k free)

vm_info: Java HotSpot(TM) Client VM (20.12-b01) for windows-x86 JRE (1.6.0_37-b06), built on Sep 24 2012 12:44:35 by "java_re" with MS VC++ 7.1 (VS2003)

time: Mon Feb 04 17:46:55 2013
elapsed time: 0 seconds

